生成启动时间为 2017/9/13 23:13:11。
     1>项目“H:\2017教学(下)\图像处理48+0\数字图像处理(何东建)\源代码及资料\SourceCode\chap_04\Dip.vcxproj”在节点 2 上(Build 个目标)。
     1>ClCompile:
         C:\Program Files\Microsoft Visual Studio 11.0\VC\bin\CL.exe /c /ZI /nologo /W3 /WX- /Od /Oy- /D WIN32 /D _DEBUG /D _WINDOWS /D _VC80_UPGRADE=0x0600 /D _MBCS /D _AFXDLL /Gm /EHsc /RTC1 /MDd /GS /Gy- /fp:precise /Zc:wchar_t /Zc:forScope /Yu"stdafx.h" /Fp".\Debug\Dip.pch" /Fo".\Debug\\" /Fd".\Debug\vc110.pdb" /Gd /TP /analyze- /errorReport:prompt PointPro.cpp
         PointPro.cpp
     1>h:\2017教学(下)\图像处理48+0\数字图像处理(何东建)\源代码及资料\sourcecode\chap_04\pointpro.cpp(1721): warning C4700: 使用了未初始化的局部变量“i”
       ResourceCompile:
         C:\Program Files\Windows Kits\8.0\bin\x86\rc.exe /D _DEBUG /D _VC80_UPGRADE=0x0600 /D _AFXDLL /l"0x0804" /nologo /fo".\Debug\Dip.res" Dip.rc 
       Link:
         C:\Program Files\Microsoft Visual Studio 11.0\VC\bin\link.exe /ERRORREPORT:PROMPT /OUT:".\Debug\Dip.exe" /INCREMENTAL /NOLOGO /LIBPATH:C:\opencv\build\x86\vc11\lib ImageLoad.lib opencv_ml249d.lib opencv_calib3d249d.lib opencv_contrib249d.lib opencv_core249d.lib opencv_features2d249d.lib opencv_flann249d.lib opencv_gpu249d.lib opencv_highgui249d.lib opencv_imgproc249d.lib opencv_legacy249d.lib opencv_objdetect249d.lib opencv_ts249d.lib opencv_video249d.lib opencv_nonfree249d.lib opencv_ocl249d.lib opencv_photo249d.lib opencv_stitching249d.lib opencv_superres249d.lib opencv_videostab249d.lib opencv_objdetect249.lib opencv_ts249.lib opencv_video249.lib opencv_nonfree249.lib opencv_ocl249.lib opencv_photo249.lib opencv_stitching249.lib opencv_superres249.lib opencv_videostab249.lib opencv_calib3d249.lib opencv_contrib249.lib opencv_core249.lib opencv_features2d249.lib opencv_flann249.lib opencv_gpu249.lib opencv_highgui249.lib opencv_imgproc249.lib opencv_legacy249.lib opencv_ml249.lib /MANIFEST /MANIFESTUAC:"level='asInvoker' uiAccess='false'" /manifest:embed /manifestinput:"C:\Program Files\Microsoft Visual Studio 11.0\VC\Include\Manifest\dpiaware.manifest" /DEBUG /PDB:".\Debug\Dip.pdb" /SUBSYSTEM:WINDOWS /TLBID:1 /DYNAMICBASE /NXCOMPAT /IMPLIB:".\Debug\Dip.lib" /MACHINE:X86 /SAFESEH  /SAFESEH:NO .\Debug\Dip.res
         .\Debug\AreaPro.obj
         .\Debug\ChildFrm.obj
         .\Debug\CombineDlg.obj
         .\Debug\DibObject.obj
         .\Debug\Dip.obj
         .\Debug\DipDoc.obj
         .\Debug\DipView.obj
         .\Debug\DlgColor.obj
         .\Debug\DlgIntensity.obj
         .\Debug\DlgLinerPara.obj
         .\Debug\DlgMedianFilter.obj
         .\Debug\DlgPointStre.obj
         .\Debug\DlgSmooth.obj
         .\Debug\DlgThreshold.obj
         .\Debug\EdgeDetDlg.obj
         .\Debug\LapDlg.obj
         .\Debug\MainFrm.obj
         .\Debug\PointPro.obj
         .\Debug\StdAfx.obj
         Dip.vcxproj -> H:\2017教学(下)\图像处理48+0\数字图像处理(何东建)\源代码及资料\SourceCode\chap_04\.\Debug\Dip.exe
     1>已完成生成项目“H:\2017教学(下)\图像处理48+0\数字图像处理(何东建)\源代码及资料\SourceCode\chap_04\Dip.vcxproj”(Build 个目标)的操作。

生成成功。

已用时间 00:00:22.89
